  shader.cpp
E:\Learn\Deps\Includes\mythings\shader.h(8,10): warning C4067: 预处理器指令后有意外标记 - 应输入换行符
E:\Learn\Deps\srcs\shader.cpp(43,7): warning C4101: “infoLog”: 未引用的局部变量
E:\Learn\Deps\srcs\shader.cpp(42,6): warning C4101: “success”: 未引用的局部变量
  main.cpp
E:\Learn\Deps\Includes\mythings\shader.h(8,10): warning C4067: 预处理器指令后有意外标记 - 应输入换行符
E:\Learn\LearnOpenGL\LEARN\1_Start\5_Transformations\5_Transformations\main.cpp(197,19): warning C4305: “+=”: 从“double”到“float”截断
E:\Learn\LearnOpenGL\LEARN\1_Start\5_Transformations\5_Transformations\main.cpp(199,19): warning C4305: “-=”: 从“double”到“float”截断
E:\Learn\LearnOpenGL\LEARN\1_Start\5_Transformations\5_Transformations\main.cpp(201,19): warning C4305: “-=”: 从“double”到“float”截断
E:\Learn\LearnOpenGL\LEARN\1_Start\5_Transformations\5_Transformations\main.cpp(203,19): warning C4305: “+=”: 从“double”到“float”截断
E:\Learn\LearnOpenGL\LEARN\1_Start\5_Transformations\5_Transformations\main.cpp(205,20): warning C4305: “+=”: 从“double”到“float”截断
E:\Learn\LearnOpenGL\LEARN\1_Start\5_Transformations\5_Transformations\main.cpp(207,22): warning C4305: “-=”: 从“double”到“float”截断
E:\Learn\LearnOpenGL\LEARN\1_Start\5_Transformations\5_Transformations\main.cpp(213,19): warning C4305: “+=”: 从“double”到“float”截断
E:\Learn\LearnOpenGL\LEARN\1_Start\5_Transformations\5_Transformations\main.cpp(215,20): warning C4305: “-=”: 从“double”到“float”截断
E:\Learn\LearnOpenGL\LEARN\1_Start\5_Transformations\5_Transformations\main.cpp(217,19): warning C4305: “+=”: 从“double”到“float”截断
E:\Learn\LearnOpenGL\LEARN\1_Start\5_Transformations\5_Transformations\main.cpp(219,20): warning C4305: “-=”: 从“double”到“float”截断
E:\Learn\LearnOpenGL\LEARN\1_Start\5_Transformations\5_Transformations\main.cpp(221,19): warning C4305: “+=”: 从“double”到“float”截断
E:\Learn\LearnOpenGL\LEARN\1_Start\5_Transformations\5_Transformations\main.cpp(223,20): warning C4305: “-=”: 从“double”到“float”截断
E:\Learn\LearnOpenGL\LEARN\1_Start\5_Transformations\5_Transformations\main.cpp(227,21): warning C4305: “+=”: 从“double”到“float”截断
E:\Learn\LearnOpenGL\LEARN\1_Start\5_Transformations\5_Transformations\main.cpp(229,23): warning C4305: “-=”: 从“double”到“float”截断
E:\Learn\LearnOpenGL\LEARN\1_Start\5_Transformations\5_Transformations\main.cpp(240,26): warning C4305: “+=”: 从“double”到“float”截断
E:\Learn\LearnOpenGL\LEARN\1_Start\5_Transformations\5_Transformations\main.cpp(242,26): warning C4305: “-=”: 从“double”到“float”截断
  正在生成代码...
  5_Transformations.vcxproj -> E:\Learn\LearnOpenGL\LEARN\1_Start\5_Transformations\x64\Debug\5_Transformations.exe
