e:\learn\learnopengl\learn\2_lighting\4_lighting_maps\4_lighting_maps\x64\debug\vc143.pdb
e:\learn\learnopengl\learn\2_lighting\4_lighting_maps\4_lighting_maps\x64\debug\vc143.idb
e:\learn\learnopengl\learn\2_lighting\4_lighting_maps\4_lighting_maps\x64\debug\glad.obj
e:\learn\learnopengl\learn\2_lighting\4_lighting_maps\4_lighting_maps\x64\debug\源.obj
e:\learn\learnopengl\learn\2_lighting\4_lighting_maps\x64\debug\4_lighting_maps.pdb
e:\learn\learnopengl\learn\2_lighting\4_lighting_maps\4_lighting_maps\x64\debug\4_lighting_maps.tlog\cl.command.1.tlog
e:\learn\learnopengl\learn\2_lighting\4_lighting_maps\4_lighting_maps\x64\debug\4_lighting_maps.tlog\cl.read.1.tlog
e:\learn\learnopengl\learn\2_lighting\4_lighting_maps\4_lighting_maps\x64\debug\4_lighting_maps.tlog\cl.write.1.tlog
e:\learn\learnopengl\learn\2_lighting\4_lighting_maps\4_lighting_maps\x64\debug\4_lighting_maps.tlog\link-cvtres.read.1.tlog
e:\learn\learnopengl\learn\2_lighting\4_lighting_maps\4_lighting_maps\x64\debug\4_lighting_maps.tlog\link-cvtres.write.1.tlog
e:\learn\learnopengl\learn\2_lighting\4_lighting_maps\4_lighting_maps\x64\debug\4_lighting_maps.tlog\link-rc.read.1.tlog
e:\learn\learnopengl\learn\2_lighting\4_lighting_maps\4_lighting_maps\x64\debug\4_lighting_maps.tlog\link-rc.write.1.tlog
e:\learn\learnopengl\learn\2_lighting\4_lighting_maps\4_lighting_maps\x64\debug\4_lighting_maps.tlog\link.25108-cvtres.read.1.tlog
e:\learn\learnopengl\learn\2_lighting\4_lighting_maps\4_lighting_maps\x64\debug\4_lighting_maps.tlog\link.25108-cvtres.write.1.tlog
e:\learn\learnopengl\learn\2_lighting\4_lighting_maps\4_lighting_maps\x64\debug\4_lighting_maps.tlog\link.25108-rc.read.1.tlog
e:\learn\learnopengl\learn\2_lighting\4_lighting_maps\4_lighting_maps\x64\debug\4_lighting_maps.tlog\link.25108-rc.write.1.tlog
e:\learn\learnopengl\learn\2_lighting\4_lighting_maps\4_lighting_maps\x64\debug\4_lighting_maps.tlog\link.25108.read.1.tlog
e:\learn\learnopengl\learn\2_lighting\4_lighting_maps\4_lighting_maps\x64\debug\4_lighting_maps.tlog\link.25108.read.2.tlog
e:\learn\learnopengl\learn\2_lighting\4_lighting_maps\4_lighting_maps\x64\debug\4_lighting_maps.tlog\link.25108.write.1.tlog
e:\learn\learnopengl\learn\2_lighting\4_lighting_maps\4_lighting_maps\x64\debug\4_lighting_maps.tlog\link.command.1.tlog
e:\learn\learnopengl\learn\2_lighting\4_lighting_maps\4_lighting_maps\x64\debug\4_lighting_maps.tlog\link.read.1.tlog
e:\learn\learnopengl\learn\2_lighting\4_lighting_maps\4_lighting_maps\x64\debug\4_lighting_maps.tlog\link.read.2.tlog
e:\learn\learnopengl\learn\2_lighting\4_lighting_maps\4_lighting_maps\x64\debug\4_lighting_maps.tlog\link.read.3.tlog
e:\learn\learnopengl\learn\2_lighting\4_lighting_maps\4_lighting_maps\x64\debug\4_lighting_maps.tlog\link.write.1.tlog
