  how.cpp
E:\Learn\Deps\Includes\mythings\shader.h(7,10): warning C4067: 预处理器指令后有意外标记 - 应输入换行符
E:\Learn\Deps\Includes\mythings\shader.h(126,7): warning C4101: “infoLog”: 未引用的局部变量
E:\Learn\Deps\Includes\mythings\shader.h(125,6): warning C4101: “success”: 未引用的局部变量
E:\Learn\Deps\Includes\mythings\mesh.h(131,65): warning C4267: “参数”: 从“size_t”转换到“GLsizei”，可能丢失数据
how.obj : error LNK2019: 无法解析的外部符号 stbi_load，函数 "unsigned int __cdecl TextureFromFile(char const *,class std::basic_string<char,struct std::char_traits<char>,class std::allocator<char> > const &,bool)" (?TextureFromFile@@YAIPEBDAEBV?$basic_string@DU?$char_traits@D@std@@V?$allocator@D@2@@std@@_N@Z) 中引用了该符号
how.obj : error LNK2019: 无法解析的外部符号 stbi_image_free，函数 "unsigned int __cdecl TextureFromFile(char const *,class std::basic_string<char,struct std::char_traits<char>,class std::allocator<char> > const &,bool)" (?TextureFromFile@@YAIPEBDAEBV?$basic_string@DU?$char_traits@D@std@@V?$allocator@D@2@@std@@_N@Z) 中引用了该符号
how.obj : error LNK2001: 无法解析的外部符号 glad_glTexParameteri
how.obj : error LNK2001: 无法解析的外部符号 glad_glTexImage2D
how.obj : error LNK2001: 无法解析的外部符号 glad_glDrawElements
how.obj : error LNK2001: 无法解析的外部符号 glad_glBindTexture
how.obj : error LNK2001: 无法解析的外部符号 glad_glGenTextures
how.obj : error LNK2001: 无法解析的外部符号 glad_glActiveTexture
how.obj : error LNK2001: 无法解析的外部符号 glad_glBindBuffer
how.obj : error LNK2001: 无法解析的外部符号 glad_glGenBuffers
how.obj : error LNK2001: 无法解析的外部符号 glad_glBufferData
how.obj : error LNK2001: 无法解析的外部符号 glad_glAttachShader
how.obj : error LNK2001: 无法解析的外部符号 glad_glCompileShader
how.obj : error LNK2001: 无法解析的外部符号 glad_glCreateProgram
how.obj : error LNK2001: 无法解析的外部符号 glad_glCreateShader
how.obj : error LNK2001: 无法解析的外部符号 glad_glDeleteProgram
how.obj : error LNK2001: 无法解析的外部符号 glad_glDeleteShader
how.obj : error LNK2001: 无法解析的外部符号 glad_glEnableVertexAttribArray
how.obj : error LNK2001: 无法解析的外部符号 glad_glGetProgramiv
how.obj : error LNK2001: 无法解析的外部符号 glad_glGetProgramInfoLog
how.obj : error LNK2001: 无法解析的外部符号 glad_glGetShaderiv
how.obj : error LNK2001: 无法解析的外部符号 glad_glGetShaderInfoLog
how.obj : error LNK2001: 无法解析的外部符号 glad_glGetUniformLocation
how.obj : error LNK2001: 无法解析的外部符号 glad_glLinkProgram
how.obj : error LNK2001: 无法解析的外部符号 glad_glShaderSource
how.obj : error LNK2001: 无法解析的外部符号 glad_glUseProgram
how.obj : error LNK2001: 无法解析的外部符号 glad_glUniform1f
how.obj : error LNK2001: 无法解析的外部符号 glad_glUniform2f
how.obj : error LNK2001: 无法解析的外部符号 glad_glUniform3f
how.obj : error LNK2001: 无法解析的外部符号 glad_glUniform4f
how.obj : error LNK2001: 无法解析的外部符号 glad_glUniform1i
how.obj : error LNK2001: 无法解析的外部符号 glad_glUniform2fv
how.obj : error LNK2001: 无法解析的外部符号 glad_glUniform3fv
how.obj : error LNK2001: 无法解析的外部符号 glad_glUniform4fv
how.obj : error LNK2001: 无法解析的外部符号 glad_glUniformMatrix2fv
how.obj : error LNK2001: 无法解析的外部符号 glad_glUniformMatrix3fv
how.obj : error LNK2001: 无法解析的外部符号 glad_glUniformMatrix4fv
how.obj : error LNK2001: 无法解析的外部符号 glad_glVertexAttribPointer
how.obj : error LNK2001: 无法解析的外部符号 glad_glVertexAttribIPointer
how.obj : error LNK2001: 无法解析的外部符号 glad_glGenerateMipmap
how.obj : error LNK2001: 无法解析的外部符号 glad_glBindVertexArray
how.obj : error LNK2001: 无法解析的外部符号 glad_glGenVertexArrays
MSVCRTD.lib(exe_main.obj) : error LNK2019: 无法解析的外部符号 main，函数 "int __cdecl invoke_main(void)" (?invoke_main@@YAHXZ) 中引用了该符号
E:\Learn\LearnOpenGL\LEARN\6_PBR\1_Theory\x64\Debug\1_Theory.exe : fatal error LNK1120: 43 个无法解析的外部命令
